<?xml version="1.0" encoding="UTF-8"?>
<testng-results ignored="0" total="5" passed="4" failed="1" skipped="0">
  <reporter-output>
  </reporter-output>
  <suite started-at="2025-08-01T13:57:35 IST" name="Default suite" finished-at="2025-08-01T13:58:37 IST" duration-ms="61172">
    <groups>
      <group name="cucumber">
        <method signature="AbstractTestNGCucumberTests.runScenario(io.cucumber.testng.PickleWrapper,io.cucumber.testng.FeatureWrapper)[pri:0, instance:runnerfiles.RunnerFunctionality@6f4a47c7]" name="runScenario" class="io.cucumber.testng.AbstractTestNGCucumberTests"/>
      </group> <!-- cucumber -->
    </groups>
    <test started-at="2025-08-01T13:57:35 IST" name="Default test" finished-at="2025-08-01T13:58:37 IST" duration-ms="61172">
      <class name="runnerfiles.RunnerFunctionality">
        <test-method is-config="true" signature="setUpClass(org.testng.ITestContext)[pri:0, instance:runnerfiles.RunnerFunctionality@6f4a47c7]" started-at="2025-08-01T13:57:35 IST" name="setUpClass" finished-at="2025-08-01T13:57:36 IST" duration-ms="707" status="PASS">
          <params>
            <param index="0">
              <value>
                <![CDATA[org.testng.TestRunner@aa1bb14]]>
              </value>
            </param>
          </params>
          <reporter-output>
          </reporter-output>
        </test-method> <!-- setUpClass -->
        <test-method signature="runScenario(io.cucumber.testng.PickleWrapper,io.cucumber.testng.FeatureWrapper)[pri:0, instance:runnerfiles.RunnerFunctionality@6f4a47c7]" started-at="2025-08-01T13:57:36 IST" name="runScenario" description="Runs Cucumber Scenarios" data-provider="scenarios" finished-at="2025-08-01T13:57:47 IST" duration-ms="11085" status="PASS">
          <params>
            <param index="0">
              <value>
                <![CDATA["Successful login with valid credentials"]]>
              </value>
            </param>
            <param index="1">
              <value>
                <![CDATA["Login Functionality for OrangeHRM Website"]]>
              </value>
            </param>
          </params>
          <reporter-output>
          </reporter-output>
        </test-method> <!-- runScenario -->
        <test-method signature="runScenario(io.cucumber.testng.PickleWrapper,io.cucumber.testng.FeatureWrapper)[pri:0, instance:runnerfiles.RunnerFunctionality@6f4a47c7]" started-at="2025-08-01T13:57:47 IST" name="runScenario" description="Runs Cucumber Scenarios" data-provider="scenarios" finished-at="2025-08-01T13:57:56 IST" duration-ms="8755" status="PASS">
          <params>
            <param index="0">
              <value>
                <![CDATA["Unsuccessful login with invalid or empty credentials"]]>
              </value>
            </param>
            <param index="1">
              <value>
                <![CDATA["Login Functionality for OrangeHRM Website"]]>
              </value>
            </param>
          </params>
          <reporter-output>
          </reporter-output>
        </test-method> <!-- runScenario -->
        <test-method signature="runScenario(io.cucumber.testng.PickleWrapper,io.cucumber.testng.FeatureWrapper)[pri:0, instance:runnerfiles.RunnerFunctionality@6f4a47c7]" started-at="2025-08-01T13:57:56 IST" name="runScenario" description="Runs Cucumber Scenarios" data-provider="scenarios" finished-at="2025-08-01T13:58:05 IST" duration-ms="9370" status="PASS">
          <params>
            <param index="0">
              <value>
                <![CDATA["Unsuccessful login with invalid or empty credentials"]]>
              </value>
            </param>
            <param index="1">
              <value>
                <![CDATA["Login Functionality for OrangeHRM Website"]]>
              </value>
            </param>
          </params>
          <reporter-output>
          </reporter-output>
        </test-method> <!-- runScenario -->
        <test-method signature="runScenario(io.cucumber.testng.PickleWrapper,io.cucumber.testng.FeatureWrapper)[pri:0, instance:runnerfiles.RunnerFunctionality@6f4a47c7]" started-at="2025-08-01T13:58:05 IST" name="runScenario" description="Runs Cucumber Scenarios" data-provider="scenarios" finished-at="2025-08-01T13:58:17 IST" duration-ms="11577" status="PASS">
          <params>
            <param index="0">
              <value>
                <![CDATA["Unsuccessful login with invalid or empty credentials"]]>
              </value>
            </param>
            <param index="1">
              <value>
                <![CDATA["Login Functionality for OrangeHRM Website"]]>
              </value>
            </param>
          </params>
          <reporter-output>
          </reporter-output>
        </test-method> <!-- runScenario -->
        <test-method signature="runScenario(io.cucumber.testng.PickleWrapper,io.cucumber.testng.FeatureWrapper)[pri:0, instance:runnerfiles.RunnerFunctionality@6f4a47c7]" started-at="2025-08-01T13:58:17 IST" name="runScenario" description="Runs Cucumber Scenarios" data-provider="scenarios" finished-at="2025-08-01T13:58:34 IST" duration-ms="17027" status="FAIL">
          <params>
            <param index="0">
              <value>
                <![CDATA["Validate support link text"]]>
              </value>
            </param>
            <param index="1">
              <value>
                <![CDATA["Validate Support link on Dashboard"]]>
              </value>
            </param>
          </params>
          <exception class="org.openqa.selenium.NoSuchElementException">
            <message>
              <![CDATA[no such element: Unable to locate element: {"method":"xpath","selector":"//span[@class='oxd-userdropdown-tab']"}
  (Session info: chrome=138.0.7204.169)
For documentation on this error, please visit: https://www.selenium.dev/documentation/webdriver/troubleshooting/errors#no-such-element-exception
Build info: version: '4.34.0', revision: '707dcb4246*'
System info: os.name: 'Windows 11', os.arch: 'amd64', os.version: '10.0', java.version: '21.0.6'
Driver info: org.openqa.selenium.chrome.ChromeDriver
Command: [65acc6528d7f3dd95ec187cba2e0f3e8, findElement {using=xpath, value=//span[@class='oxd-userdropdown-tab']}]
Capabilities {acceptInsecureCerts: false, browserName: chrome, browserVersion: 138.0.7204.169, chrome: {chromedriverVersion: 138.0.7204.183 (e90faf484dd..., userDataDir: C:\Users\rekha\AppData\Loca...}, fedcm:accounts: true, goog:chromeOptions: {debuggerAddress: localhost:42584}, networkConnectionEnabled: false, pageLoadStrategy: normal, platformName: windows, proxy: Proxy(), se:cdp: ws://localhost:42584/devtoo..., se:cdpVersion: 138.0.7204.169, setWindowRect: true, strictFileInteractability: false, timeouts: {implicit: 0, pageLoad: 300000, script: 30000}, unhandledPromptBehavior: dismiss and notify, webauthn:extension:credBlob: true, webauthn:extension:largeBlob: true, webauthn:extension:minPinLength: true, webauthn:extension:prf: true, webauthn:virtualAuthenticators: true}
Session ID: 65acc6528d7f3dd95ec187cba2e0f3e8]]>
            </message>
            <full-stacktrace>
              <![CDATA[org.openqa.selenium.NoSuchElementException: no such element: Unable to locate element: {"method":"xpath","selector":"//span[@class='oxd-userdropdown-tab']"}
  (Session info: chrome=138.0.7204.169)
For documentation on this error, please visit: https://www.selenium.dev/documentation/webdriver/troubleshooting/errors#no-such-element-exception
Build info: version: '4.34.0', revision: '707dcb4246*'
System info: os.name: 'Windows 11', os.arch: 'amd64', os.version: '10.0', java.version: '21.0.6'
Driver info: org.openqa.selenium.chrome.ChromeDriver
Command: [65acc6528d7f3dd95ec187cba2e0f3e8, findElement {using=xpath, value=//span[@class='oxd-userdropdown-tab']}]
Capabilities {acceptInsecureCerts: false, browserName: chrome, browserVersion: 138.0.7204.169, chrome: {chromedriverVersion: 138.0.7204.183 (e90faf484dd..., userDataDir: C:\Users\rekha\AppData\Loca...}, fedcm:accounts: true, goog:chromeOptions: {debuggerAddress: localhost:42584}, networkConnectionEnabled: false, pageLoadStrategy: normal, platformName: windows, proxy: Proxy(), se:cdp: ws://localhost:42584/devtoo..., se:cdpVersion: 138.0.7204.169, setWindowRect: true, strictFileInteractability: false, timeouts: {implicit: 0, pageLoad: 300000, script: 30000}, unhandledPromptBehavior: dismiss and notify, webauthn:extension:credBlob: true, webauthn:extension:largeBlob: true, webauthn:extension:minPinLength: true, webauthn:extension:prf: true, webauthn:virtualAuthenticators: true}
Session ID: 65acc6528d7f3dd95ec187cba2e0f3e8
at java.base/jdk.internal.reflect.DirectConstructorHandleAccessor.newInstance(DirectConstructorHandleAccessor.java:62)
at java.base/java.lang.reflect.Constructor.newInstanceWithCaller(Constructor.java:502)
at java.base/java.lang.reflect.Constructor.newInstance(Constructor.java:486)
at org.openqa.selenium.remote.ErrorCodec.decode(ErrorCodec.java:167)
at org.openqa.selenium.remote.codec.w3c.W3CHttpResponseCodec.decode(W3CHttpResponseCodec.java:138)
at org.openqa.selenium.remote.codec.w3c.W3CHttpResponseCodec.decode(W3CHttpResponseCodec.java:50)
at org.openqa.selenium.remote.HttpCommandExecutor.execute(HttpCommandExecutor.java:215)
at org.openqa.selenium.remote.service.DriverCommandExecutor.invokeExecute(DriverCommandExecutor.java:216)
at org.openqa.selenium.remote.service.DriverCommandExecutor.execute(DriverCommandExecutor.java:174)
at org.openqa.selenium.remote.RemoteWebDriver.execute(RemoteWebDriver.java:544)
at org.openqa.selenium.remote.ElementLocation$ElementFinder$2.findElement(ElementLocation.java:165)
at org.openqa.selenium.remote.ElementLocation.findElement(ElementLocation.java:59)
at org.openqa.selenium.remote.RemoteWebDriver.findElement(RemoteWebDriver.java:367)
at org.openqa.selenium.remote.RemoteWebDriver.findElement(RemoteWebDriver.java:361)
at orangehrmpages.DashboardPage.clickProfileDropdown(DashboardPage.java:34)
at stepdefinitionfiles.SupportSteps.i_click_the_profile_dropdown(SupportSteps.java:23)
at ✽.I click the profile dropdown(file:///C:/Users/rekha/New_Proj/CucucumberBDDProject/Allfeaturesfile/support.feature:10)
]]>
            </full-stacktrace>
          </exception> <!-- org.openqa.selenium.NoSuchElementException -->
          <reporter-output>
          </reporter-output>
        </test-method> <!-- runScenario -->
        <test-method is-config="true" signature="tearDownClass()[pri:0, instance:runnerfiles.RunnerFunctionality@6f4a47c7]" started-at="2025-08-01T13:58:34 IST" name="tearDownClass" finished-at="2025-08-01T13:58:37 IST" duration-ms="2586" status="PASS">
          <reporter-output>
          </reporter-output>
        </test-method> <!-- tearDownClass -->
      </class> <!-- runnerfiles.RunnerFunctionality -->
    </test> <!-- Default test -->
  </suite> <!-- Default suite -->
</testng-results>
